  scenebasic_uniform.cpp
glfw3.lib(init.obj) : warning LNK4099: 未找到 PDB“”(使用“glfw3.lib(init.obj)”或在“”中寻找)；正在链接对象，如同没有调试信息一样
glfw3.lib(window.obj) : warning LNK4099: 未找到 PDB“”(使用“glfw3.lib(window.obj)”或在“”中寻找)；正在链接对象，如同没有调试信息一样
glfw3.lib(input.obj) : warning LNK4099: 未找到 PDB“”(使用“glfw3.lib(input.obj)”或在“”中寻找)；正在链接对象，如同没有调试信息一样
glfw3.lib(context.obj) : warning LNK4099: 未找到 PDB“”(使用“glfw3.lib(context.obj)”或在“”中寻找)；正在链接对象，如同没有调试信息一样
glfw3.lib(win32_init.obj) : warning LNK4099: 未找到 PDB“”(使用“glfw3.lib(win32_init.obj)”或在“”中寻找)；正在链接对象，如同没有调试信息一样
glfw3.lib(win32_monitor.obj) : warning LNK4099: 未找到 PDB“”(使用“glfw3.lib(win32_monitor.obj)”或在“”中寻找)；正在链接对象，如同没有调试信息一样
glfw3.lib(win32_time.obj) : warning LNK4099: 未找到 PDB“”(使用“glfw3.lib(win32_time.obj)”或在“”中寻找)；正在链接对象，如同没有调试信息一样
glfw3.lib(win32_thread.obj) : warning LNK4099: 未找到 PDB“”(使用“glfw3.lib(win32_thread.obj)”或在“”中寻找)；正在链接对象，如同没有调试信息一样
glfw3.lib(monitor.obj) : warning LNK4099: 未找到 PDB“”(使用“glfw3.lib(monitor.obj)”或在“”中寻找)；正在链接对象，如同没有调试信息一样
glfw3.lib(vulkan.obj) : warning LNK4099: 未找到 PDB“”(使用“glfw3.lib(vulkan.obj)”或在“”中寻找)；正在链接对象，如同没有调试信息一样
glfw3.lib(win32_window.obj) : warning LNK4099: 未找到 PDB“”(使用“glfw3.lib(win32_window.obj)”或在“”中寻找)；正在链接对象，如同没有调试信息一样
glfw3.lib(win32_joystick.obj) : warning LNK4099: 未找到 PDB“”(使用“glfw3.lib(win32_joystick.obj)”或在“”中寻找)；正在链接对象，如同没有调试信息一样
glfw3.lib(wgl_context.obj) : warning LNK4099: 未找到 PDB“”(使用“glfw3.lib(wgl_context.obj)”或在“”中寻找)；正在链接对象，如同没有调试信息一样
glfw3.lib(egl_context.obj) : warning LNK4099: 未找到 PDB“”(使用“glfw3.lib(egl_context.obj)”或在“”中寻找)；正在链接对象，如同没有调试信息一样
glfw3.lib(osmesa_context.obj) : warning LNK4099: 未找到 PDB“”(使用“glfw3.lib(osmesa_context.obj)”或在“”中寻找)；正在链接对象，如同没有调试信息一样
scenebasic_uniform.obj : error LNK2019: 无法解析的外部符号 "public: __cdecl Assimp::Importer::Importer(void)" (??0Importer@Assimp@@QEAA@XZ)，函数 "private: void __cdecl Model::loadModel(class std::basic_string<char,struct std::char_traits<char>,class std::allocator<char> > const &)" (?loadModel@Model@@AEAAXAEBV?$basic_string@DU?$char_traits@D@std@@V?$allocator@D@2@@std@@@Z) 中引用了该符号
scenebasic_uniform.obj : error LNK2019: 无法解析的外部符号 "public: __cdecl Assimp::Importer::~Importer(void)" (??1Importer@Assimp@@QEAA@XZ)，函数 "private: void __cdecl Model::loadModel(class std::basic_string<char,struct std::char_traits<char>,class std::allocator<char> > const &)" (?loadModel@Model@@AEAAXAEBV?$basic_string@DU?$char_traits@D@std@@V?$allocator@D@2@@std@@@Z) 中引用了该符号
scenebasic_uniform.obj : error LNK2019: 无法解析的外部符号 "public: struct aiScene const * __cdecl Assimp::Importer::ReadFile(char const *,unsigned int)" (?ReadFile@Importer@Assimp@@QEAAPEBUaiScene@@PEBDI@Z)，函数 "public: struct aiScene const * __cdecl Assimp::Importer::ReadFile(class std::basic_string<char,struct std::char_traits<char>,class std::allocator<char> > const &,unsigned int)" (?ReadFile@Importer@Assimp@@QEAAPEBUaiScene@@AEBV?$basic_string@DU?$char_traits@D@std@@V?$allocator@D@2@@std@@I@Z) 中引用了该符号
scenebasic_uniform.obj : error LNK2019: 无法解析的外部符号 "public: char const * __cdecl Assimp::Importer::GetErrorString(void)const " (?GetErrorString@Importer@Assimp@@QEBAPEBDXZ)，函数 "private: void __cdecl Model::loadModel(class std::basic_string<char,struct std::char_traits<char>,class std::allocator<char> > const &)" (?loadModel@Model@@AEAAXAEBV?$basic_string@DU?$char_traits@D@std@@V?$allocator@D@2@@std@@@Z) 中引用了该符号
scenebasic_uniform.obj : error LNK2019: 无法解析的外部符号 aiGetMaterialTextureCount，函数 "public: unsigned int __cdecl aiMaterial::GetTextureCount(enum aiTextureType)const " (?GetTextureCount@aiMaterial@@QEBAIW4aiTextureType@@@Z) 中引用了该符号
scenebasic_uniform.obj : error LNK2019: 无法解析的外部符号 aiGetMaterialTexture，函数 "public: enum aiReturn __cdecl aiMaterial::GetTexture(enum aiTextureType,unsigned int,struct aiString *,enum aiTextureMapping *,unsigned int *,float *,enum aiTextureOp *,enum aiTextureMapMode *)const " (?GetTexture@aiMaterial@@QEBA?AW4aiReturn@@W4aiTextureType@@IPEAUaiString@@PEAW4aiTextureMapping@@PEAIPEAMPEAW4aiTextureOp@@PEAW4aiTextureMapMode@@@Z) 中引用了该符号
D:\Code\3015\Project_Template_light\x64\Debug\Project_Template.exe : fatal error LNK1120: 6 个无法解析的外部命令
